[debug] [2023-01-02T12:38:29.915Z] ----------------------------------------------------------------------
[debug] [2023-01-02T12:38:29.917Z] Command:       C:\Program Files\nodejs\node.exe C:\Users\user\AppData\Roaming\npm\node_modules\firebase-tools\lib\bin\firebase.js init
[debug] [2023-01-02T12:38:29.918Z] CLI Version:   11.19.0
[debug] [2023-01-02T12:38:29.918Z] Platform:      win32
[debug] [2023-01-02T12:38:29.918Z] Node Version:  v16.17.0
[debug] [2023-01-02T12:38:29.924Z] Time:          Mon Jan 02 2023 21:38:29 GMT+0900 (대한민국 표준시)
[debug] [2023-01-02T12:38:29.924Z] ----------------------------------------------------------------------
[debug] 
[debug] [2023-01-02T12:38:29.933Z] > command requires scopes: ["email","openid","https://www.googleapis.com/auth/cloudplatformprojects.readonly","https://www.googleapis.com/auth/firebase","https://www.googleapis.com/auth/cloud-platform"]
[debug] [2023-01-02T12:38:29.935Z] > authorizing via signed-in user (hyorimm@gmail.com)
[info] 
     ######## #### ########  ######## ########     ###     ######  ########
     ##        ##  ##     ## ##       ##     ##  ##   ##  ##       ##
     ######    ##  ########  ######   ########  #########  ######  ######
     ##        ##  ##    ##  ##       ##     ## ##     ##       ## ##
     ##       #### ##     ## ######## ########  ##     ##  ######  ########

You're about to initialize a Firebase project in this directory:

  C:\Users\user\Desktop\dev\react\react-disney-plus-app

[info] 
=== Project Setup
[info] 
[info] First, let's associate this project directory with a Firebase project.
[info] You can create multiple project aliases by running firebase use --add, 
[info] but for now we'll just set up a default project.
[info] 
[debug] [2023-01-02T12:39:31.019Z] >>> [apiv2][query] GET https://firebase.googleapis.com/v1beta1/projects pageSize=100
[debug] [2023-01-02T12:39:32.024Z] <<< [apiv2][status] GET https://firebase.googleapis.com/v1beta1/projects 200
[debug] [2023-01-02T12:39:32.024Z] <<< [apiv2][body] GET https://firebase.googleapis.com/v1beta1/projects [omitted]
[info] i  Using project react-disney-plus-app-d84b8 (react-disney-plus-app) 
[info] 
=== Hosting Setup
[info] 
[info] Your public directory is the folder (relative to your project directory) that
[info] will contain Hosting assets to be uploaded with firebase deploy. If you
[info] have a build process for your assets, use your build's output directory.
[info] 
[debug] [2023-01-02T12:41:41.048Z] >>> [apiv2][query] GET https://www.gstatic.com/firebasejs/releases.json [none]
[debug] [2023-01-02T12:41:41.269Z] <<< [apiv2][status] GET https://www.gstatic.com/firebasejs/releases.json 200
[debug] [2023-01-02T12:41:41.269Z] <<< [apiv2][body] GET https://www.gstatic.com/firebasejs/releases.json {"current":{"version":"9.15.0","browserURL":"https://www.gstatic.com/firebasejs/9.15.0/firebase.js","packageURL":"https://www.gstatic.com/firebasejs/9.15.0/firebase.tgz"},"live":{"version":"9.15","browserURL":"https://www.gstatic.com/firebasejs/live/9.15/firebase.js","packageURL":"https://www.gstatic.com/firebasejs/live/9.15/firebase.tgz"},"components":{"analytics":"https://www.gstatic.com/firebasejs/9.15.0/firebase-analytics.js","app":"https://www.gstatic.com/firebasejs/9.15.0/firebase-app.js","app-check":"https://www.gstatic.com/firebasejs/9.15.0/firebase-app-check.js","auth":"https://www.gstatic.com/firebasejs/9.15.0/firebase-auth.js","auth/cordova":"https://www.gstatic.com/firebasejs/9.15.0/firebase-auth/cordova.js","auth/react-native":"https://www.gstatic.com/firebasejs/9.15.0/firebase-auth/react-native.js","functions":"https://www.gstatic.com/firebasejs/9.15.0/firebase-functions.js","firestore":"https://www.gstatic.com/firebasejs/9.15.0/firebase-firestore.js","firestore/lite":"https://www.gstatic.com/firebasejs/9.15.0/firebase-firestore/lite.js","installations":"https://www.gstatic.com/firebasejs/9.15.0/firebase-installations.js","storage":"https://www.gstatic.com/firebasejs/9.15.0/firebase-storage.js","performance":"https://www.gstatic.com/firebasejs/9.15.0/firebase-performance.js","remote-config":"https://www.gstatic.com/firebasejs/9.15.0/firebase-remote-config.js","messaging":"https://www.gstatic.com/firebasejs/9.15.0/firebase-messaging.js","messaging/sw":"https://www.gstatic.com/firebasejs/9.15.0/firebase-messaging/sw.js","database":"https://www.gstatic.com/firebasejs/9.15.0/firebase-database.js","firestore.memory":"https://www.gstatic.com/firebasejs/9.15.0/firebase-firestore.memory.js"}}
[info] i  Skipping write of build/index.html 
[info] 
[info] i  Detected a .git folder at C:\Users\user\Desktop\dev\react\react-disney-plus-app 
[info] i  Authorizing with GitHub to upload your service account to a GitHub repository's secrets store. 
[info] 
[info] Visit this URL on this device to log in:
[info] https://github.com/login/oauth/authorize?client_id=89cf50f02ac6aaed3484&state=361706551&redirect_uri=http%3A%2F%2Flocalhost%3A9005&scope=read%3Auser%20repo%20public_repo
[info] 
[info] Waiting for authentication...
[debug] [2023-01-02T12:44:05.323Z] >>> [apiv2][query] POST https://github.com/login/oauth/access_token [none]
[debug] [2023-01-02T12:44:05.323Z] >>> [apiv2][body] POST https://github.com/login/oauth/access_token [stream]
[debug] [2023-01-02T12:44:05.691Z] <<< [apiv2][status] POST https://github.com/login/oauth/access_token 200
[debug] [2023-01-02T12:44:05.692Z] <<< [apiv2][body] POST https://github.com/login/oauth/access_token {"access_token":"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","token_type":"bearer","scope":"read:user,repo"}
[debug] [2023-01-02T12:44:05.713Z] >>> [apiv2][query] GET https://api.github.com/user [none]
[debug] [2023-01-02T12:44:06.101Z] <<< [apiv2][status] GET https://api.github.com/user 200
[debug] [2023-01-02T12:44:06.101Z] <<< [apiv2][body] GET https://api.github.com/user {"login":"hyorimcho","id":103406196,"node_id":"U_kgDOBinadA","avatar_url":"https://avatars.githubusercontent.com/u/103406196?v=4","gravatar_id":"","url":"https://api.github.com/users/hyorimcho","html_url":"https://github.com/hyorimcho","followers_url":"https://api.github.com/users/hyorimcho/followers","following_url":"https://api.github.com/users/hyorimcho/following{/other_user}","gists_url":"https://api.github.com/users/hyorimcho/gists{/gist_id}","starred_url":"https://api.github.com/users/hyorimcho/starred{/owner}{/repo}","subscriptions_url":"https://api.github.com/users/hyorimcho/subscriptions","organizations_url":"https://api.github.com/users/hyorimcho/orgs","repos_url":"https://api.github.com/users/hyorimcho/repos","events_url":"https://api.github.com/users/hyorimcho/events{/privacy}","received_events_url":"https://api.github.com/users/hyorimcho/received_events","type":"User","site_admin":false,"name":"조효림","company":null,"blog":"","location":"Seoul, Korea","email":null,"hireable":null,"bio":null,"twitter_username":null,"public_repos":16,"public_gists":0,"followers":14,"following":15,"created_at":"2022-04-11T05:50:41Z","updated_at":"2022-12-21T14:15:29Z","private_gists":0,"total_private_repos":3,"owned_private_repos":2,"disk_usage":43803,"collaborators":0,"two_factor_authentication":false,"plan":{"name":"free","space":976562499,"collaborators":0,"private_repos":10000}}
[info] 
[info] +  Success! Logged into GitHub as hyorimcho 
[info] 
[debug] [2023-01-02T12:49:00.941Z] >>> [apiv2][query] GET https://api.github.com/repos/hyorimcho/react-disney-plus-app/actions/secrets/public-key type=owner
[debug] [2023-01-02T12:49:01.241Z] <<< [apiv2][status] GET https://api.github.com/repos/hyorimcho/react-disney-plus-app/actions/secrets/public-key 401
[debug] [2023-01-02T12:49:01.242Z] <<< [apiv2][body] GET https://api.github.com/repos/hyorimcho/react-disney-plus-app/actions/secrets/public-key {"message":"Bad credentials","documentation_url":"https://docs.github.com/rest"}
[debug] [2023-01-02T12:49:03.293Z] >>> [apiv2][query] GET https://api.github.com/repos/hyorimcho/react-disney-plus-app/actions/secrets/public-key type=owner
[debug] [2023-01-02T12:49:03.567Z] <<< [apiv2][status] GET https://api.github.com/repos/hyorimcho/react-disney-plus-app/actions/secrets/public-key 401
[debug] [2023-01-02T12:49:03.567Z] <<< [apiv2][body] GET https://api.github.com/repos/hyorimcho/react-disney-plus-app/actions/secrets/public-key {"message":"Bad credentials","documentation_url":"https://docs.github.com/rest"}
[debug] [2023-01-02T12:49:04.480Z] >>> [apiv2][query] GET https://api.github.com/repos/hyorimcho/react-disney-plus-app/actions/secrets/public-key type=owner
[debug] [2023-01-02T12:49:04.744Z] <<< [apiv2][status] GET https://api.github.com/repos/hyorimcho/react-disney-plus-app/actions/secrets/public-key 401
[debug] [2023-01-02T12:49:04.744Z] <<< [apiv2][body] GET https://api.github.com/repos/hyorimcho/react-disney-plus-app/actions/secrets/public-key {"message":"Bad credentials","documentation_url":"https://docs.github.com/rest"}
[debug] [2023-01-02T12:49:35.704Z] >>> [apiv2][query] GET https://api.github.com/repos/hyorimcho/react-disney-plus-app/actions/secrets/public-key type=owner
[debug] [2023-01-02T12:49:35.989Z] <<< [apiv2][status] GET https://api.github.com/repos/hyorimcho/react-disney-plus-app/actions/secrets/public-key 401
[debug] [2023-01-02T12:49:35.989Z] <<< [apiv2][body] GET https://api.github.com/repos/hyorimcho/react-disney-plus-app/actions/secrets/public-key {"message":"Bad credentials","documentation_url":"https://docs.github.com/rest"}
[debug] [2023-01-02T12:49:36.389Z] >>> [apiv2][query] GET https://api.github.com/repos/hyorimcho/react-disney-plus-app/actions/secrets/public-key type=owner
[debug] [2023-01-02T12:49:36.607Z] >>> [apiv2][query] GET https://api.github.com/repos//actions/secrets/public-key type=owner
[debug] [2023-01-02T12:49:36.648Z] <<< [apiv2][status] GET https://api.github.com/repos/hyorimcho/react-disney-plus-app/actions/secrets/public-key 401
[debug] [2023-01-02T12:49:36.648Z] <<< [apiv2][body] GET https://api.github.com/repos/hyorimcho/react-disney-plus-app/actions/secrets/public-key {"message":"Bad credentials","documentation_url":"https://docs.github.com/rest"}
[debug] [2023-01-02T12:49:36.800Z] >>> [apiv2][query] GET https://api.github.com/repos/hyorimcho/react-disney-plus-app/actions/secrets/public-key type=owner
[debug] [2023-01-02T12:49:36.857Z] <<< [apiv2][status] GET https://api.github.com/repos//actions/secrets/public-key 401
[debug] [2023-01-02T12:49:36.857Z] <<< [apiv2][body] GET https://api.github.com/repos//actions/secrets/public-key {"message":"Bad credentials","documentation_url":"https://docs.github.com/rest"}
[debug] [2023-01-02T12:49:36.990Z] >>> [apiv2][query] GET https://api.github.com/repos//actions/secrets/public-key type=owner
[debug] [2023-01-02T12:49:37.044Z] <<< [apiv2][status] GET https://api.github.com/repos/hyorimcho/react-disney-plus-app/actions/secrets/public-key 401
[debug] [2023-01-02T12:49:37.044Z] <<< [apiv2][body] GET https://api.github.com/repos/hyorimcho/react-disney-plus-app/actions/secrets/public-key {"message":"Bad credentials","documentation_url":"https://docs.github.com/rest"}
[debug] [2023-01-02T12:49:37.185Z] >>> [apiv2][query] GET https://api.github.com/repos/hyorimcho/react-disney-plus-app/actions/secrets/public-key type=owner
[debug] [2023-01-02T12:49:37.252Z] <<< [apiv2][status] GET https://api.github.com/repos//actions/secrets/public-key 401
[debug] [2023-01-02T12:49:37.252Z] <<< [apiv2][body] GET https://api.github.com/repos//actions/secrets/public-key {"message":"Bad credentials","documentation_url":"https://docs.github.com/rest"}
[debug] [2023-01-02T12:49:37.474Z] <<< [apiv2][status] GET https://api.github.com/repos/hyorimcho/react-disney-plus-app/actions/secrets/public-key 401
[debug] [2023-01-02T12:49:37.474Z] <<< [apiv2][body] GET https://api.github.com/repos/hyorimcho/react-disney-plus-app/actions/secrets/public-key {"message":"Bad credentials","documentation_url":"https://docs.github.com/rest"}
[debug] [2023-01-02T12:49:37.620Z] >>> [apiv2][query] GET https://api.github.com/repos/hyorimcho/react-disney-plus-app/actions/secrets/public-key type=owner
[debug] [2023-01-02T12:49:37.867Z] >>> [apiv2][query] GET https://api.github.com/repos//actions/secrets/public-key type=owner
[debug] [2023-01-02T12:49:37.887Z] <<< [apiv2][status] GET https://api.github.com/repos/hyorimcho/react-disney-plus-app/actions/secrets/public-key 401
[debug] [2023-01-02T12:49:37.887Z] <<< [apiv2][body] GET https://api.github.com/repos/hyorimcho/react-disney-plus-app/actions/secrets/public-key {"message":"Bad credentials","documentation_url":"https://docs.github.com/rest"}
[debug] [2023-01-02T12:49:38.115Z] <<< [apiv2][status] GET https://api.github.com/repos//actions/secrets/public-key 401
[debug] [2023-01-02T12:49:38.115Z] <<< [apiv2][body] GET https://api.github.com/repos//actions/secrets/public-key {"message":"Bad credentials","documentation_url":"https://docs.github.com/rest"}
[debug] [2023-01-02T12:49:55.096Z] ----------------------------------------------------------------------
[debug] [2023-01-02T12:49:55.099Z] Command:       C:\Program Files\nodejs\node.exe C:\Users\user\AppData\Roaming\npm\node_modules\firebase-tools\lib\bin\firebase.js init
[debug] [2023-01-02T12:49:55.100Z] CLI Version:   11.19.0
[debug] [2023-01-02T12:49:55.100Z] Platform:      win32
[debug] [2023-01-02T12:49:55.100Z] Node Version:  v16.17.0
[debug] [2023-01-02T12:49:55.101Z] Time:          Mon Jan 02 2023 21:49:55 GMT+0900 (대한민국 표준시)
[debug] [2023-01-02T12:49:55.102Z] ----------------------------------------------------------------------
[debug] 
[debug] [2023-01-02T12:49:55.112Z] > command requires scopes: ["email","openid","https://www.googleapis.com/auth/cloudplatformprojects.readonly","https://www.googleapis.com/auth/firebase","https://www.googleapis.com/auth/cloud-platform"]
[debug] [2023-01-02T12:49:55.112Z] > authorizing via signed-in user (hyorimm@gmail.com)
[info] 
     ######## #### ########  ######## ########     ###     ######  ########
     ##        ##  ##     ## ##       ##     ##  ##   ##  ##       ##
     ######    ##  ########  ######   ########  #########  ######  ######
     ##        ##  ##    ##  ##       ##     ## ##     ##       ## ##
     ##       #### ##     ## ######## ########  ##     ##  ######  ########

You're about to initialize a Firebase project in this directory:

  C:\Users\user\Desktop\dev\react\react-disney-plus-app

[info] 
=== Project Setup
[info] 
[info] First, let's associate this project directory with a Firebase project.
[info] You can create multiple project aliases by running firebase use --add, 
[info] but for now we'll just set up a default project.
[info] 
[debug] [2023-01-02T12:50:06.732Z] >>> [apiv2][query] GET https://firebase.googleapis.com/v1beta1/projects pageSize=100
[debug] [2023-01-02T12:50:07.534Z] <<< [apiv2][status] GET https://firebase.googleapis.com/v1beta1/projects 200
[debug] [2023-01-02T12:50:07.534Z] <<< [apiv2][body] GET https://firebase.googleapis.com/v1beta1/projects [omitted]
[info] i  Using project react-disney-plus-app-d84b8 (react-disney-plus-app) 
[info] 
=== Hosting Setup
[info] 
[info] Your public directory is the folder (relative to your project directory) that
[info] will contain Hosting assets to be uploaded with firebase deploy. If you
[info] have a build process for your assets, use your build's output directory.
[info] 
[debug] [2023-01-02T12:50:24.078Z] >>> [apiv2][query] GET https://www.gstatic.com/firebasejs/releases.json [none]
[debug] [2023-01-02T12:50:24.317Z] <<< [apiv2][status] GET https://www.gstatic.com/firebasejs/releases.json 200
[debug] [2023-01-02T12:50:24.318Z] <<< [apiv2][body] GET https://www.gstatic.com/firebasejs/releases.json {"current":{"version":"9.15.0","browserURL":"https://www.gstatic.com/firebasejs/9.15.0/firebase.js","packageURL":"https://www.gstatic.com/firebasejs/9.15.0/firebase.tgz"},"live":{"version":"9.15","browserURL":"https://www.gstatic.com/firebasejs/live/9.15/firebase.js","packageURL":"https://www.gstatic.com/firebasejs/live/9.15/firebase.tgz"},"components":{"analytics":"https://www.gstatic.com/firebasejs/9.15.0/firebase-analytics.js","app":"https://www.gstatic.com/firebasejs/9.15.0/firebase-app.js","app-check":"https://www.gstatic.com/firebasejs/9.15.0/firebase-app-check.js","auth":"https://www.gstatic.com/firebasejs/9.15.0/firebase-auth.js","auth/cordova":"https://www.gstatic.com/firebasejs/9.15.0/firebase-auth/cordova.js","auth/react-native":"https://www.gstatic.com/firebasejs/9.15.0/firebase-auth/react-native.js","functions":"https://www.gstatic.com/firebasejs/9.15.0/firebase-functions.js","firestore":"https://www.gstatic.com/firebasejs/9.15.0/firebase-firestore.js","firestore/lite":"https://www.gstatic.com/firebasejs/9.15.0/firebase-firestore/lite.js","installations":"https://www.gstatic.com/firebasejs/9.15.0/firebase-installations.js","storage":"https://www.gstatic.com/firebasejs/9.15.0/firebase-storage.js","performance":"https://www.gstatic.com/firebasejs/9.15.0/firebase-performance.js","remote-config":"https://www.gstatic.com/firebasejs/9.15.0/firebase-remote-config.js","messaging":"https://www.gstatic.com/firebasejs/9.15.0/firebase-messaging.js","messaging/sw":"https://www.gstatic.com/firebasejs/9.15.0/firebase-messaging/sw.js","database":"https://www.gstatic.com/firebasejs/9.15.0/firebase-database.js","firestore.memory":"https://www.gstatic.com/firebasejs/9.15.0/firebase-firestore.memory.js"}}
[info] i  Skipping write of build/index.html 
[info] 
[info] i  Detected a .git folder at C:\Users\user\Desktop\dev\react\react-disney-plus-app 
[info] i  Authorizing with GitHub to upload your service account to a GitHub repository's secrets store. 
[info] 
[info] Visit this URL on this device to log in:
[info] https://github.com/login/oauth/authorize?client_id=89cf50f02ac6aaed3484&state=591152496&redirect_uri=http%3A%2F%2Flocalhost%3A9005&scope=read%3Auser%20repo%20public_repo
[info] 
[info] Waiting for authentication...
[debug] [2023-01-02T12:50:34.654Z] >>> [apiv2][query] POST https://github.com/login/oauth/access_token [none]
[debug] [2023-01-02T12:50:34.654Z] >>> [apiv2][body] POST https://github.com/login/oauth/access_token [stream]
[debug] [2023-01-02T12:50:35.006Z] <<< [apiv2][status] POST https://github.com/login/oauth/access_token 200
[debug] [2023-01-02T12:50:35.006Z] <<< [apiv2][body] POST https://github.com/login/oauth/access_token {"access_token":"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","token_type":"bearer","scope":"read:user,repo"}
[debug] [2023-01-02T12:50:35.014Z] >>> [apiv2][query] GET https://api.github.com/user [none]
[debug] [2023-01-02T12:50:35.346Z] <<< [apiv2][status] GET https://api.github.com/user 200
[debug] [2023-01-02T12:50:35.347Z] <<< [apiv2][body] GET https://api.github.com/user {"login":"hyorimcho","id":103406196,"node_id":"U_kgDOBinadA","avatar_url":"https://avatars.githubusercontent.com/u/103406196?v=4","gravatar_id":"","url":"https://api.github.com/users/hyorimcho","html_url":"https://github.com/hyorimcho","followers_url":"https://api.github.com/users/hyorimcho/followers","following_url":"https://api.github.com/users/hyorimcho/following{/other_user}","gists_url":"https://api.github.com/users/hyorimcho/gists{/gist_id}","starred_url":"https://api.github.com/users/hyorimcho/starred{/owner}{/repo}","subscriptions_url":"https://api.github.com/users/hyorimcho/subscriptions","organizations_url":"https://api.github.com/users/hyorimcho/orgs","repos_url":"https://api.github.com/users/hyorimcho/repos","events_url":"https://api.github.com/users/hyorimcho/events{/privacy}","received_events_url":"https://api.github.com/users/hyorimcho/received_events","type":"User","site_admin":false,"name":"조효림","company":null,"blog":"","location":"Seoul, Korea","email":null,"hireable":null,"bio":null,"twitter_username":null,"public_repos":16,"public_gists":0,"followers":14,"following":15,"created_at":"2022-04-11T05:50:41Z","updated_at":"2022-12-21T14:15:29Z","private_gists":0,"total_private_repos":3,"owned_private_repos":2,"disk_usage":43803,"collaborators":0,"two_factor_authentication":false,"plan":{"name":"free","space":976562499,"collaborators":0,"private_repos":10000}}
[info] 
[info] +  Success! Logged into GitHub as hyorimcho 
[info] 
[debug] [2023-01-02T12:50:46.932Z] >>> [apiv2][query] GET https://api.github.com/repos/hyorimcho/react-react-disney-plus-app/actions/secrets/public-key type=owner
[debug] [2023-01-02T12:50:47.222Z] <<< [apiv2][status] GET https://api.github.com/repos/hyorimcho/react-react-disney-plus-app/actions/secrets/public-key 404
[debug] [2023-01-02T12:50:47.222Z] <<< [apiv2][body] GET https://api.github.com/repos/hyorimcho/react-react-disney-plus-app/actions/secrets/public-key {"message":"Not Found","documentation_url":"https://docs.github.com/rest/reference/actions#get-a-repository-public-key"}
[debug] [2023-01-02T12:50:48.146Z] >>> [apiv2][query] GET https://api.github.com/repos/hyorimcho/react-react-disney-plus-app/actions/secrets/public-key type=owner
[debug] [2023-01-02T12:50:48.415Z] >>> [apiv2][query] GET https://api.github.com/repos//actions/secrets/public-key type=owner
[debug] [2023-01-02T12:50:48.418Z] <<< [apiv2][status] GET https://api.github.com/repos/hyorimcho/react-react-disney-plus-app/actions/secrets/public-key 404
[debug] [2023-01-02T12:50:48.418Z] <<< [apiv2][body] GET https://api.github.com/repos/hyorimcho/react-react-disney-plus-app/actions/secrets/public-key {"message":"Not Found","documentation_url":"https://docs.github.com/rest/reference/actions#get-a-repository-public-key"}
[debug] [2023-01-02T12:50:48.630Z] >>> [apiv2][query] GET https://api.github.com/repos/hyorimcho/react-react-disney-plus-app/actions/secrets/public-key type=owner
[debug] [2023-01-02T12:50:48.687Z] <<< [apiv2][status] GET https://api.github.com/repos//actions/secrets/public-key 404
[debug] [2023-01-02T12:50:48.688Z] <<< [apiv2][body] GET https://api.github.com/repos//actions/secrets/public-key {"message":"Not Found","documentation_url":"https://docs.github.com/rest"}
[debug] [2023-01-02T12:50:48.812Z] >>> [apiv2][query] GET https://api.github.com/repos//actions/secrets/public-key type=owner
[debug] [2023-01-02T12:50:48.900Z] <<< [apiv2][status] GET https://api.github.com/repos/hyorimcho/react-react-disney-plus-app/actions/secrets/public-key 404
[debug] [2023-01-02T12:50:48.900Z] <<< [apiv2][body] GET https://api.github.com/repos/hyorimcho/react-react-disney-plus-app/actions/secrets/public-key {"message":"Not Found","documentation_url":"https://docs.github.com/rest/reference/actions#get-a-repository-public-key"}
[debug] [2023-01-02T12:50:48.985Z] >>> [apiv2][query] GET https://api.github.com/repos/hyorimcho/react-react-disney-plus-app/actions/secrets/public-key type=owner
[debug] [2023-01-02T12:50:49.069Z] <<< [apiv2][status] GET https://api.github.com/repos//actions/secrets/public-key 404
[debug] [2023-01-02T12:50:49.070Z] <<< [apiv2][body] GET https://api.github.com/repos//actions/secrets/public-key {"message":"Not Found","documentation_url":"https://docs.github.com/rest"}
[debug] [2023-01-02T12:50:49.259Z] <<< [apiv2][status] GET https://api.github.com/repos/hyorimcho/react-react-disney-plus-app/actions/secrets/public-key 404
[debug] [2023-01-02T12:50:49.259Z] <<< [apiv2][body] GET https://api.github.com/repos/hyorimcho/react-react-disney-plus-app/actions/secrets/public-key {"message":"Not Found","documentation_url":"https://docs.github.com/rest/reference/actions#get-a-repository-public-key"}
[debug] [2023-01-02T12:50:49.397Z] >>> [apiv2][query] GET https://api.github.com/repos/hyorimcho/react-react-disney-plus-app/actions/secrets/public-key type=owner
[debug] [2023-01-02T12:50:49.663Z] <<< [apiv2][status] GET https://api.github.com/repos/hyorimcho/react-react-disney-plus-app/actions/secrets/public-key 404
[debug] [2023-01-02T12:50:49.663Z] <<< [apiv2][body] GET https://api.github.com/repos/hyorimcho/react-react-disney-plus-app/actions/secrets/public-key {"message":"Not Found","documentation_url":"https://docs.github.com/rest/reference/actions#get-a-repository-public-key"}
